# JRE version: OpenJDK Runtime Environment (21.0.8) (build 21.0.8+-14196175-b1038.72)
# Java VM: OpenJDK 64-Bit Server VM (21.0.8+-14196175-b1038.72, mixed mode, tiered, compressed oops, compressed class ptrs, g1 gc, windows-amd64)
GC Precious Log:
 CardTable entry size: 512
 Card Set container configuration: InlinePtr #cards 4 size 8 Array Of Cards #cards 32 size 80 Howl #buckets 8 coarsen threshold 7372 Howl Bitmap #cards 1024 size 144 coarsen threshold 921 Card regions per heap region 1 cards per card region 8192
 CPUs: 12 total, 12 available
 Memory: 16222M
 Large Page Support: Disabled
 NUMA Support: Disabled
 Compressed Oops: Enabled (Zero based)
 Heap Region Size: 4M
 Heap Min Capacity: 8M
 Heap Initial Capacity: 256M
 Heap Max Capacity: 8G
 Pre-touch: Disabled
 Parallel Workers: 10
 Concurrent Workers: 3
 Concurrent Refinement Workers: 10
 Periodic GC: Disabled
Heap:
 garbage-first heap   total 1290240K, used 906304K [0x0000000600000000, 0x0000000800000000)
  region size 4096K, 7 young (28672K), 7 survivors (28672K)
 Metaspace       used 161168K, committed 164416K, reserved 1245184K
  class space    used 22296K, committed 23744K, reserved 1048576K
GC Heap History (20 events):
Event: 78.430 GC heap after
{Heap after GC invocations=111 (full 0):
 garbage-first heap   total 888832K, used 543055K [0x0000000600000000, 0x0000000800000000)
  region size 4096K, 5 young (20480K), 5 survivors (20480K)
 Metaspace       used 149650K, committed 152704K, reserved 1179648K
  class space    used 20697K, committed 22016K, reserved 1048576K
}
Event: 82.826 GC heap before
{Heap before GC invocations=111 (full 0):
 garbage-first heap   total 888832K, used 797007K [0x0000000600000000, 0x0000000800000000)
  region size 4096K, 68 young (278528K), 5 survivors (20480K)
 Metaspace       used 150623K, committed 153792K, reserved 1245184K
  class space    used 20816K, committed 22208K, reserved 1048576K
}
Event: 82.860 GC heap after
{Heap after GC invocations=112 (full 0):
 garbage-first heap   total 888832K, used 541995K [0x0000000600000000, 0x0000000800000000)
  region size 4096K, 7 young (28672K), 7 survivors (28672K)
 Metaspace       used 150623K, committed 153792K, reserved 1245184K
  class space    used 20816K, committed 22208K, reserved 1048576K
}
Event: 86.643 GC heap before
{Heap before GC invocations=112 (full 0):
 garbage-first heap   total 888832K, used 804139K [0x0000000600000000, 0x0000000800000000)
  region size 4096K, 72 young (294912K), 7 survivors (28672K)
 Metaspace       used 152344K, committed 155456K, reserved 1245184K
  class space    used 21030K, committed 22400K, reserved 1048576K
}
Event: 86.656 GC heap after
{Heap after GC invocations=113 (full 0):
 garbage-first heap   total 888832K, used 557671K [0x0000000600000000, 0x0000000800000000)
  region size 4096K, 8 young (32768K), 8 survivors (32768K)
 Metaspace       used 152344K, committed 155456K, reserved 1245184K
  class space    used 21030K, committed 22400K, reserved 1048576K
}
Event: 87.262 GC heap before
{Heap before GC invocations=113 (full 0):
 garbage-first heap   total 888832K, used 799335K [0x0000000600000000, 0x0000000800000000)
  region size 4096K, 68 young (278528K), 8 survivors (32768K)
 Metaspace       used 152400K, committed 155520K, reserved 1245184K
  class space    used 21034K, committed 22400K, reserved 1048576K
}
Event: 87.277 GC heap after
{Heap after GC invocations=114 (full 0):
 garbage-first heap   total 905216K, used 625783K [0x0000000600000000, 0x0000000800000000)
  region size 4096K, 9 young (36864K), 9 survivors (36864K)
 Metaspace       used 152400K, committed 155520K, reserved 1245184K
  class space    used 21034K, committed 22400K, reserved 1048576K
}
Event: 88.820 GC heap before
{Heap before GC invocations=115 (full 0):
 garbage-first heap   total 1044480K, used 806007K [0x0000000600000000, 0x0000000800000000)
  region size 4096K, 54 young (221184K), 9 survivors (36864K)
 Metaspace       used 157532K, committed 160704K, reserved 1245184K
  class space    used 21783K, committed 23168K, reserved 1048576K
}
Event: 88.841 GC heap after
{Heap after GC invocations=116 (full 0):
 garbage-first heap   total 1044480K, used 661254K [0x0000000600000000, 0x0000000800000000)
  region size 4096K, 7 young (28672K), 7 survivors (28672K)
 Metaspace       used 157532K, committed 160704K, reserved 1245184K
  class space    used 21783K, committed 23168K, reserved 1048576K
}
Event: 89.239 GC heap before
{Heap before GC invocations=116 (full 0):
 garbage-first heap   total 1044480K, used 911110K [0x0000000600000000, 0x0000000800000000)
  region size 4096K, 69 young (282624K), 7 survivors (28672K)
 Metaspace       used 157785K, committed 161024K, reserved 1245184K
  class space    used 21837K, committed 23296K, reserved 1048576K
}
Event: 89.298 GC heap after
{Heap after GC invocations=117 (full 0):
 garbage-first heap   total 1044480K, used 716767K [0x0000000600000000, 0x0000000800000000)
  region size 4096K, 9 young (36864K), 9 survivors (36864K)
 Metaspace       used 157785K, committed 161024K, reserved 1245184K
  class space    used 21837K, committed 23296K, reserved 1048576K
}
Event: 89.486 GC heap before
{Heap before GC invocations=117 (full 0):
 garbage-first heap   total 1044480K, used 929759K [0x0000000600000000, 0x0000000800000000)
  region size 4096K, 61 young (249856K), 9 survivors (36864K)
 Metaspace       used 157790K, committed 161024K, reserved 1245184K
  class space    used 21837K, committed 23296K, reserved 1048576K
}
Event: 89.527 GC heap after
{Heap after GC invocations=118 (full 0):
 garbage-first heap   total 1044480K, used 773358K [0x0000000600000000, 0x0000000800000000)
  region size 4096K, 8 young (32768K), 8 survivors (32768K)
 Metaspace       used 157790K, committed 161024K, reserved 1245184K
  class space    used 21837K, committed 23296K, reserved 1048576K
}
Event: 90.117 GC heap before
{Heap before GC invocations=119 (full 0):
 garbage-first heap   total 1290240K, used 941294K [0x0000000600000000, 0x0000000800000000)
  region size 4096K, 49 young (200704K), 8 survivors (32768K)
 Metaspace       used 157860K, committed 161088K, reserved 1245184K
  class space    used 21846K, committed 23296K, reserved 1048576K
}
Event: 90.158 GC heap after
{Heap after GC invocations=120 (full 0):
 garbage-first heap   total 1290240K, used 817292K [0x0000000600000000, 0x0000000800000000)
  region size 4096K, 7 young (28672K), 7 survivors (28672K)
 Metaspace       used 157860K, committed 161088K, reserved 1245184K
  class space    used 21846K, committed 23296K, reserved 1048576K
}
Event: 91.402 GC heap before
{Heap before GC invocations=120 (full 0):
 garbage-first heap   total 1290240K, used 1116300K [0x0000000600000000, 0x0000000800000000)
  region size 4096K, 80 young (327680K), 7 survivors (28672K)
 Metaspace       used 159297K, committed 162496K, reserved 1245184K
  class space    used 22048K, committed 23488K, reserved 1048576K
}
Event: 91.447 GC heap after
{Heap after GC invocations=121 (full 0):
 garbage-first heap   total 1290240K, used 874496K [0x0000000600000000, 0x0000000800000000)
  region size 4096K, 10 young (40960K), 10 survivors (40960K)
 Metaspace       used 159297K, committed 162496K, reserved 1245184K
  class space    used 22048K, committed 23488K, reserved 1048576K
}
Event: 92.106 GC heap before
{Heap before GC invocations=121 (full 0):
 garbage-first heap   total 1290240K, used 1136640K [0x0000000600000000, 0x0000000800000000)
  region size 4096K, 74 young (303104K), 10 survivors (40960K)
 Metaspace       used 161132K, committed 164352K, reserved 1245184K
  class space    used 22296K, committed 23744K, reserved 1048576K
}
Event: 92.135 GC heap after
{Heap after GC invocations=122 (full 0):
 garbage-first heap   total 1290240K, used 899529K [0x0000000600000000, 0x0000000800000000)
  region size 4096K, 6 young (24576K), 6 survivors (24576K)
 Metaspace       used 161132K, committed 164352K, reserved 1245184K
  class space    used 22296K, committed 23744K, reserved 1048576K
}
Event: 92.451 GC heap before
{Heap before GC invocations=122 (full 0):
 garbage-first heap   total 1290240K, used 1157577K [0x0000000600000000, 0x0000000800000000)
  region size 4096K, 69 young (282624K), 6 survivors (24576K)
 Metaspace       used 161168K, committed 164416K, reserved 1245184K
  class space    used 22296K, committed 23744K, reserved 1048576K
}

